<?xml version="1.0" encoding="UTF-8" standalone="no"?>
<!DOCTYPE log SYSTEM "logger.dtd">
<log>
<record>
  <date>2025-07-04T10:39:14.233-0300</date>
  <logger>JULIO KANTARELLY DOS SANTOS LIMA</logger>
  <level>FINE</level>
  <message>File 124110496-JULIO KANTARELLY DOS SANTOS LIMA.zip was received. It was sent by JULIO KANTARELLY DOS SANTOS LIMA from IP 150.165.42.139 at 04-07-2025 10*39*14</message>
</record>
</log>
<?xml version="1.0" encoding="UTF-8" standalone="no"?>
<!DOCTYPE log SYSTEM "logger.dtd">
<log>
<record>
  <date>2025-07-04T11:21:55.866-0300</date>
  <logger>JULIO KANTARELLY DOS SANTOS LIMA</logger>
  <level>FINE</level>
  <message>File 124110496-JULIO KANTARELLY DOS SANTOS LIMA.zip was received. It was sent by JULIO KANTARELLY DOS SANTOS LIMA from IP 150.165.42.139 at 04-07-2025 11*21*55</message>
</record>
</log>
<?xml version="1.0" encoding="UTF-8" standalone="no"?>
<!DOCTYPE log SYSTEM "logger.dtd">
<log>
<record>
  <date>2025-07-04T13:11:32.229-0300</date>
  <logger>JULIO KANTARELLY DOS SANTOS LIMA</logger>
  <level>FINE</level>
  <message>File 124110496-JULIO KANTARELLY DOS SANTOS LIMA.zip was received. It was sent by JULIO KANTARELLY DOS SANTOS LIMA from IP 150.165.74.27 at 04-07-2025 13*11*32</message>
</record>
</log>
<?xml version="1.0" encoding="UTF-8" standalone="no"?>
<!DOCTYPE log SYSTEM "logger.dtd">
<log>
<record>
  <date>2025-07-04T13:49:54.105-0300</date>
  <logger>JULIO KANTARELLY DOS SANTOS LIMA</logger>
  <level>FINE</level>
  <message>File 124110496-JULIO KANTARELLY DOS SANTOS LIMA.zip was received. It was sent by JULIO KANTARELLY DOS SANTOS LIMA from IP 150.165.74.27 at 04-07-2025 13*49*54</message>
</record>
